===========================================
System Audit: Sat Feb 14 17:32:30 EET 2026
===========================================
Total Number of CPUs:                                8
Processor Model Name:                            Intel(R) Core(TM) i5-8365U CPU @ 1.60GHz
CPU Family:                            6
Model ID:                                 142
Threads per Core:                    2
Core per Socket Count:                    4
Memory Usage Details:
               total        used        free      shared  buff/cache   available
Mem:           7.7Gi       4.5Gi       2.4Gi       6.0Mi       859Mi       3.0Gi
Swap:          2.0Gi          0B       2.0Gi
[INFO] Memory usage is healthy: 58%
Network IP: 127.0.0.1/8
System Uptime: up 17 hours, 36 minutes
Number of processes: 57
===========================================
System Audit: Sat Feb 14 18:52:22 EET 2026
===========================================
Total Number of CPUs:                                8
Processor Model Name:                            Intel(R) Core(TM) i5-8365U CPU @ 1.60GHz
CPU Family:                            6
Model ID:                                 142
Threads per Core:                    2
Core per Socket Count:                    4
Memory Usage Details:
               total        used        free      shared  buff/cache   available
Mem:           7.7Gi       4.5Gi       2.0Gi       6.0Mi       1.1Gi       2.9Gi
Swap:          2.0Gi          0B       2.0Gi
[INFO] Memory usage is healthy: 59%
Network IP: 127.0.0.1/8
System Uptime: up 18 hours, 33 minutes
Number of processes: 60
